MySelf Server Running on Port : 4001
MySelf Server Running on Port : 4001
RequestError: Query timeout expired
    at handleError (E:\TimeSheet\LMS\server\node_modules\mssql\lib\msnodesqlv8\request.js:276:21)
    at StreamEvents.emit (node:events:513:28)
    at E:\TimeSheet\LMS\server\node_modules\msnodesqlv8\lib\reader.js:70:26
    at Array.forEach (<anonymous>)
    at routeStatementError (E:\TimeSheet\LMS\server\node_modules\msnodesqlv8\lib\reader.js:60:25)
    at E:\TimeSheet\LMS\server\node_modules\msnodesqlv8\lib\reader.js:228:13
    at E:\TimeSheet\LMS\server\node_modules\msnodesqlv8\lib\driver.js:180:13
    at E:\TimeSheet\LMS\server\node_modules\msnodesqlv8\lib\driver.js:160:13 {
  code: 'EREQUEST',
  originalError: [Error: [Microsoft][SQL Server Native Client 11.0]Query timeout expired] {
    sqlstate: 'HYT00',
    code: 0,
    severity: 0,
    serverName: '',
    procName: '',
    lineNumber: 0
  },
  number: 0,
  lineNumber: 0,
  state: 'HYT00',
  class: 0,
  serverName: '',
  procName: ''
}
RequestError: Could not find stored procedure 'LM_GetNotes'.
    at handleError (E:\TimeSheet\LMS\server\node_modules\mssql\lib\msnodesqlv8\request.js:276:21)
    at StreamEvents.emit (node:events:513:28)
    at E:\TimeSheet\LMS\server\node_modules\msnodesqlv8\lib\reader.js:70:26
    at Array.forEach (<anonymous>)
    at routeStatementError (E:\TimeSheet\LMS\server\node_modules\msnodesqlv8\lib\reader.js:60:25)
    at E:\TimeSheet\LMS\server\node_modules\msnodesqlv8\lib\reader.js:228:13
    at E:\TimeSheet\LMS\server\node_modules\msnodesqlv8\lib\driver.js:180:13
    at E:\TimeSheet\LMS\server\node_modules\msnodesqlv8\lib\driver.js:160:13 {
  code: 'EREQUEST',
  originalError: [Error: [Microsoft][SQL Server Native Client 11.0][SQL Server]Could not find stored procedure 'LM_GetNotes'.] {
    sqlstate: '42000',
    code: 2812,
    severity: 16,
    serverName: 'ANALYTIC49\\SQLEXPRESS',
    procName: '',
    lineNumber: 1
  },
  number: 2812,
  lineNumber: 1,
  state: '42000',
  class: 16,
  serverName: 'ANALYTIC49\\SQLEXPRESS',
  procName: ''
}
RequestError: Could not find stored procedure 'LM_GetNotes'.
    at handleError (E:\TimeSheet\LMS\server\node_modules\mssql\lib\msnodesqlv8\request.js:276:21)
    at StreamEvents.emit (node:events:513:28)
    at E:\TimeSheet\LMS\server\node_modules\msnodesqlv8\lib\reader.js:70:26
    at Array.forEach (<anonymous>)
    at routeStatementError (E:\TimeSheet\LMS\server\node_modules\msnodesqlv8\lib\reader.js:60:25)
    at E:\TimeSheet\LMS\server\node_modules\msnodesqlv8\lib\reader.js:228:13
    at E:\TimeSheet\LMS\server\node_modules\msnodesqlv8\lib\driver.js:180:13
    at E:\TimeSheet\LMS\server\node_modules\msnodesqlv8\lib\driver.js:160:13 {
  code: 'EREQUEST',
  originalError: [Error: [Microsoft][SQL Server Native Client 11.0][SQL Server]Could not find stored procedure 'LM_GetNotes'.] {
    sqlstate: '42000',
    code: 2812,
    severity: 16,
    serverName: 'ANALYTIC49\\SQLEXPRESS',
    procName: '',
    lineNumber: 1
  },
  number: 2812,
  lineNumber: 1,
  state: '42000',
  class: 16,
  serverName: 'ANALYTIC49\\SQLEXPRESS',
  procName: ''
}
RequestError: Could not find stored procedure 'LM_GetNotes'.
    at handleError (E:\TimeSheet\LMS\server\node_modules\mssql\lib\msnodesqlv8\request.js:276:21)
    at StreamEvents.emit (node:events:513:28)
    at E:\TimeSheet\LMS\server\node_modules\msnodesqlv8\lib\reader.js:70:26
    at Array.forEach (<anonymous>)
    at routeStatementError (E:\TimeSheet\LMS\server\node_modules\msnodesqlv8\lib\reader.js:60:25)
    at E:\TimeSheet\LMS\server\node_modules\msnodesqlv8\lib\reader.js:228:13
    at E:\TimeSheet\LMS\server\node_modules\msnodesqlv8\lib\driver.js:180:13
    at E:\TimeSheet\LMS\server\node_modules\msnodesqlv8\lib\driver.js:160:13 {
  code: 'EREQUEST',
  originalError: [Error: [Microsoft][SQL Server Native Client 11.0][SQL Server]Could not find stored procedure 'LM_GetNotes'.] {
    sqlstate: '42000',
    code: 2812,
    severity: 16,
    serverName: 'ANALYTIC49\\SQLEXPRESS',
    procName: '',
    lineNumber: 1
  },
  number: 2812,
  lineNumber: 1,
  state: '42000',
  class: 16,
  serverName: 'ANALYTIC49\\SQLEXPRESS',
  procName: ''
}
RequestError: Could not find stored procedure 'LM_GetNotes'.
    at handleError (E:\TimeSheet\LMS\server\node_modules\mssql\lib\msnodesqlv8\request.js:276:21)
    at StreamEvents.emit (node:events:513:28)
    at E:\TimeSheet\LMS\server\node_modules\msnodesqlv8\lib\reader.js:70:26
    at Array.forEach (<anonymous>)
    at routeStatementError (E:\TimeSheet\LMS\server\node_modules\msnodesqlv8\lib\reader.js:60:25)
    at E:\TimeSheet\LMS\server\node_modules\msnodesqlv8\lib\reader.js:228:13
    at E:\TimeSheet\LMS\server\node_modules\msnodesqlv8\lib\driver.js:180:13
    at E:\TimeSheet\LMS\server\node_modules\msnodesqlv8\lib\driver.js:160:13 {
  code: 'EREQUEST',
  originalError: [Error: [Microsoft][SQL Server Native Client 11.0][SQL Server]Could not find stored procedure 'LM_GetNotes'.] {
    sqlstate: '42000',
    code: 2812,
    severity: 16,
    serverName: 'ANALYTIC49\\SQLEXPRESS',
    procName: '',
    lineNumber: 1
  },
  number: 2812,
  lineNumber: 1,
  state: '42000',
  class: 16,
  serverName: 'ANALYTIC49\\SQLEXPRESS',
  procName: ''
}
RequestError: Could not find stored procedure 'LM_GetNotes'.
    at handleError (E:\TimeSheet\LMS\server\node_modules\mssql\lib\msnodesqlv8\request.js:276:21)
    at StreamEvents.emit (node:events:513:28)
    at E:\TimeSheet\LMS\server\node_modules\msnodesqlv8\lib\reader.js:70:26
    at Array.forEach (<anonymous>)
    at routeStatementError (E:\TimeSheet\LMS\server\node_modules\msnodesqlv8\lib\reader.js:60:25)
    at E:\TimeSheet\LMS\server\node_modules\msnodesqlv8\lib\reader.js:228:13
    at E:\TimeSheet\LMS\server\node_modules\msnodesqlv8\lib\driver.js:180:13
    at E:\TimeSheet\LMS\server\node_modules\msnodesqlv8\lib\driver.js:160:13 {
  code: 'EREQUEST',
  originalError: [Error: [Microsoft][SQL Server Native Client 11.0][SQL Server]Could not find stored procedure 'LM_GetNotes'.] {
    sqlstate: '42000',
    code: 2812,
    severity: 16,
    serverName: 'ANALYTIC49\\SQLEXPRESS',
    procName: '',
    lineNumber: 1
  },
  number: 2812,
  lineNumber: 1,
  state: '42000',
  class: 16,
  serverName: 'ANALYTIC49\\SQLEXPRESS',
  procName: ''
}
RequestError: Operand type clash: date is incompatible with int
    at handleError (E:\TimeSheet\LMS\server\node_modules\mssql\lib\msnodesqlv8\request.js:276:21)
    at StreamEvents.emit (node:events:513:28)
    at E:\TimeSheet\LMS\server\node_modules\msnodesqlv8\lib\reader.js:70:26
    at Array.forEach (<anonymous>)
    at routeStatementError (E:\TimeSheet\LMS\server\node_modules\msnodesqlv8\lib\reader.js:60:25)
    at E:\TimeSheet\LMS\server\node_modules\msnodesqlv8\lib\reader.js:228:13
    at E:\TimeSheet\LMS\server\node_modules\msnodesqlv8\lib\driver.js:180:13
    at E:\TimeSheet\LMS\server\node_modules\msnodesqlv8\lib\driver.js:160:13 {
  code: 'EREQUEST',
  originalError: [Error: [Microsoft][SQL Server Native Client 11.0][SQL Server]Operand type clash: date is incompatible with int] {
    sqlstate: '22018',
    code: 206,
    severity: 16,
    serverName: 'ANALYTIC49\\SQLEXPRESS',
    procName: '',
    lineNumber: 1
  },
  number: 206,
  lineNumber: 1,
  state: '22018',
  class: 16,
  serverName: 'ANALYTIC49\\SQLEXPRESS',
  procName: ''
}
